[debug] [2017-11-28T06:15:28.084Z] ----------------------------------------------------------------------
[debug] [2017-11-28T06:15:28.090Z] Command:       /usr/local/Cellar/node/8.6.0/bin/node /usr/local/bin/firebase deploy
[debug] [2017-11-28T06:15:28.090Z] CLI Version:   3.15.3
[debug] [2017-11-28T06:15:28.090Z] Platform:      darwin
[debug] [2017-11-28T06:15:28.091Z] Node Version:  v8.6.0
[debug] [2017-11-28T06:15:28.097Z] Time:          Tue Nov 28 2017 01:15:28 GMT-0500 (EST)
[debug] [2017-11-28T06:15:28.097Z] ----------------------------------------------------------------------
[debug] 
[debug] [2017-11-28T06:15:28.127Z] > command requires scopes: ["email","openid","https://www.googleapis.com/auth/cloudplatformprojects.readonly","https://www.googleapis.com/auth/firebase","https://www.googleapis.com/auth/cloud-platform"]
[debug] [2017-11-28T06:15:28.128Z] > authorizing via signed-in user
[debug] [2017-11-28T06:15:28.132Z] >>> HTTP REQUEST GET https://admin.firebase.com/v1/projects/curiouscurly-92734  
 Tue Nov 28 2017 01:15:28 GMT-0500 (EST)
[debug] [2017-11-28T06:15:28.703Z] <<< HTTP RESPONSE 200
[debug] [2017-11-28T06:15:28.705Z] >>> HTTP REQUEST GET https://admin.firebase.com/v1/database/curiouscurly-92734/tokens  
 Tue Nov 28 2017 01:15:28 GMT-0500 (EST)
[debug] [2017-11-28T06:15:29.157Z] <<< HTTP RESPONSE 200
[info] 
[info] === Deploying to 'curiouscurly-92734'...
[info] 
[info] i  deploying hosting
[info] i  hosting: preparing app directory for upload...
[debug] [2017-11-28T06:15:30.790Z] >>> HTTP REQUEST PUT https://deploy.firebase.com/v1/hosting/curiouscurly-92734/uploads/-L-0G10-wiml_3x_Y-Wt?fileCount=44&message=  
 Tue Nov 28 2017 01:15:30 GMT-0500 (EST)
